 POST /api/auth/login 200 196 - 164.885 ms
GET /api/events/participatedEvents/ids/6457583b84630d3515ab473d 304 - - 34.645 ms
GET /api/events/participatedEvents/ids/6457583b84630d3515ab473d 304 - - 111.498 ms
GET /api/events/6457583b84630d3515ab473d 304 - - 238.555 ms
GET /api/events/6457583b84630d3515ab473d 304 - - 148.577 ms
GET /api/hobbies 200 1036 - 43.862 ms
GET /api/hobbies 304 - - 35.432 ms
GET /api/hobbies/interestedHobbies/6457583b84630d3515ab473d 200 186 - 68.533 ms
GET /api/hobbies/interestedHobbies/6457583b84630d3515ab473d 304 - - 66.111 ms
PUT /api/hobbies 200 2 - 163.524 ms
GET /api/hobbies 200 1063 - 35.559 ms
GET /api/hobbies 304 - - 37.559 ms
GET /api/hobbies/interestedHobbies/6457583b84630d3515ab473d 200 372 - 83.898 ms
GET /api/hobbies/interestedHobbies/6457583b84630d3515ab473d 304 - - 83.694 ms
GET /api/events/participatedEvents/ids/6457583b84630d3515ab473d 304 - - 44.351 ms
GET /api/events/participatedEvents/ids/6457583b84630d3515ab473d 304 - - 32.038 ms
GET /api/events/6457583b84630d3515ab473d 200 691 - 175.182 ms
GET /api/events/6457583b84630d3515ab473d 304 - - 177.198 ms
GET /api/events/createdEvents/hobbies/6457583b84630d3515ab473d 200 34 - 110.382 ms
GET /api/events/createdEvents/hobbies/6457583b84630d3515ab473d 304 - - 106.991 ms
GET /api/events/createdEvents/6457583b84630d3515ab473d 200 357 - 37.270 ms
GET /api/events/createdEvents/6457583b84630d3515ab473d 304 - - 37.099 ms
GET /api/events/participatedEvents/6457583b84630d3515ab473d 304 - - 71.273 ms
GET /api/events/participatedEvents/6457583b84630d3515ab473d 304 - - 67.499 ms
GET /api/events/participatedEvents/ids/6457583b84630d3515ab473d 304 - - 32.624 ms
GET /api/events/participatedEvents/ids/6457583b84630d3515ab473d 304 - - 30.740 ms
GET /api/events/6457583b84630d3515ab473d 304 - - 170.719 ms
GET /api/events/6457583b84630d3515ab473d 304 - - 175.304 ms
PUT /api/events 200 357 - 159.300 ms
GET /api/events/participatedEvents/ids/6457583b84630d3515ab473d 200 51 - 35.375 ms
GET /api/events/participatedEvents/ids/6457583b84630d3515ab473d 304 - - 31.632 ms
GET /api/events/6457583b84630d3515ab473d 200 718 - 176.202 ms
GET /api/events/6457583b84630d3515ab473d 304 - - 179.844 ms
GET /api/events/participatedEvents/6457583b84630d3515ab473d 200 407 - 72.121 ms
GET /api/events/participatedEvents/6457583b84630d3515ab473d 304 - - 68.880 ms
PUT /api/events/participatedEvents/remove/6457583b84630d3515ab473d/6457854284630d3515ab4865 200 2 - 150.825 ms
GET /api/events/participatedEvents/6457583b84630d3515ab473d 200 25 - 85.434 ms
GET /api/events/participatedEvents/6457583b84630d3515ab473d 304 - - 71.893 ms
GET /api/events/createdEvents/6457583b84630d3515ab473d 200 357 - 34.673 ms
GET /api/events/createdEvents/6457583b84630d3515ab473d 304 - - 36.521 ms
GET /api/events/createdEvents/hobbies/6457583b84630d3515ab473d 304 - - 107.131 ms
GET /api/events/createdEvents/hobbies/6457583b84630d3515ab473d 304 - - 106.571 ms
GET /api/hobbies 304 - - 40.439 ms
GET /api/hobbies/interestedHobbies/6457583b84630d3515ab473d 304 - - 69.976 ms
GET /api/hobbies 304 - - 39.356 ms
GET /api/hobbies/interestedHobbies/6457583b84630d3515ab473d 304 - - 63.296 ms
POST /api/auth/login 200 196 - 148.776 ms
GET /api/events/participatedEvents/ids/643e5f21f136e1f7bc4e36ac 200 51 - 25.635 ms
GET /api/events/participatedEvents/ids/643e5f21f136e1f7bc4e36ac 304 - - 24.410 ms
GET /api/events/643e5f21f136e1f7bc4e36ac 200 335 - 159.323 ms
GET /api/events/643e5f21f136e1f7bc4e36ac 304 - - 162.806 ms
GET /api/events/participatedEvents/ids/643e5f21f136e1f7bc4e36ac 304 - - 23.184 ms
GET /api/events/participatedEvents/ids/643e5f21f136e1f7bc4e36ac 304 - - 27.736 ms
GET /api/events/643e5f21f136e1f7bc4e36ac 304 - - 151.124 ms
GET /api/events/643e5f21f136e1f7bc4e36ac 304 - - 157.471 ms
GET /api/events/participatedEvents/ids/643e5f21f136e1f7bc4e36ac 304 - - 24.776 ms
GET /api/events/participatedEvents/ids/643e5f21f136e1f7bc4e36ac 304 - - 24.032 ms
GET /api/events/643e5f21f136e1f7bc4e36ac 304 - - 147.772 ms
GET /api/events/643e5f21f136e1f7bc4e36ac 304 - - 161.348 ms
GET /api/events/participatedEvents/ids/643e5f21f136e1f7bc4e36ac 304 - - 25.270 ms
GET /api/events/participatedEvents/ids/643e5f21f136e1f7bc4e36ac 304 - - 23.438 ms
GET /api/events/643e5f21f136e1f7bc4e36ac 304 - - 155.685 ms
GET /api/events/643e5f21f136e1f7bc4e36ac 304 - - 161.827 ms
GET /api/hobbies 200 793 - 39.961 ms
GET /api/hobbies/interestedHobbies/643e5f21f136e1f7bc4e36ac 200 592 - 46.627 ms
GET /api/hobbies 304 - - 37.876 ms
GET /api/hobbies/interestedHobbies/643e5f21f136e1f7bc4e36ac 304 - - 46.657 ms
GET /api/events/participatedEvents/ids/643e5f21f136e1f7bc4e36ac 304 - - 36.365 ms
GET /api/events/participatedEvents/ids/643e5f21f136e1f7bc4e36ac 304 - - 39.463 ms
GET /api/events/643e5f21f136e1f7bc4e36ac 304 - - 101.133 ms
GET /api/events/643e5f21f136e1f7bc4e36ac 304 - - 101.843 ms
GET /api/events/null 200 229 - 2.537 ms
GET /api/events/participatedEvents/ids/null 400 229 - 1.584 ms
GET /api/events/null 304 - - 0.958 ms
GET /api/events/participatedEvents/ids/null 400 229 - 0.809 ms
GET /api/hobbies/interestedHobbies/null 200 229 - 1.945 ms
GET /api/hobbies/interestedHobbies/null 304 - - 2.377 ms
GET /api/hobbies 304 - - 29.385 ms
GET /api/hobbies 304 - - 27.433 ms
GET /api/events/participatedEvents/ids/null 400 229 - 1.433 ms
GET /api/events/null 304 - - 2.243 ms
GET /api/events/participatedEvents/ids/null 400 229 - 1.270 ms
GET /api/events/null 304 - - 1.229 ms
GET /api/events/null 304 - - 1.056 ms
GET /api/events/null 304 - - 2.802 ms
GET /api/events/participatedEvents/ids/null 400 229 - 1.924 ms
GET /api/events/participatedEvents/ids/null 400 229 - 0.922 ms
GET /api/events/null 304 - - 2.218 ms
GET /api/events/participatedEvents/ids/null 400 229 - 0.924 ms
GET /api/events/null 304 - - 1.134 ms
GET /api/events/participatedEvents/ids/null 400 229 - 1.173 ms
GET /api/events/null 304 - - 1.639 ms
GET /api/events/participatedEvents/ids/null 400 229 - 0.857 ms
GET /api/events/null 304 - - 1.001 ms
GET /api/events/participatedEvents/ids/null 400 229 - 0.716 ms
GET /api/events/null 304 - - 1.131 ms
GET /api/events/participatedEvents/ids/null 400 229 - 1.457 ms
GET /api/events/participatedEvents/ids/null 400 229 - 0.910 ms
GET /api/events/null 304 - - 2.108 ms
GET /api/events/null 304 - - 0.877 ms
GET /api/events/participatedEvents/ids/null 400 229 - 0.802 ms
GET /api/events/null 304 - - 0.954 ms
GET /api/events/participatedEvents/ids/null 400 229 - 2.865 ms
POST /api/auth/login 200 196 - 111.884 ms
GET /api/events/participatedEvents/ids/643e5f21f136e1f7bc4e36ac 304 - - 35.588 ms
GET /api/events/participatedEvents/ids/643e5f21f136e1f7bc4e36ac 304 - - 36.178 ms
GET /api/events/643e5f21f136e1f7bc4e36ac 304 - - 98.833 ms
GET /api/events/643e5f21f136e1f7bc4e36ac 304 - - 90.335 ms
GET /api/events/createdEvents/hobbies/643e5f21f136e1f7bc4e36ac 200 34 - 75.231 ms
GET /api/events/createdEvents/hobbies/643e5f21f136e1f7bc4e36ac 304 - - 70.341 ms
GET /api/events/createdEvents/643e5f21f136e1f7bc4e36ac 200 335 - 26.594 ms
GET /api/events/createdEvents/643e5f21f136e1f7bc4e36ac 304 - - 22.762 ms
GET /api/events/participatedEvents/643e5f21f136e1f7bc4e36ac 200 358 - 55.196 ms
GET /api/events/participatedEvents/643e5f21f136e1f7bc4e36ac 304 - - 50.147 ms
GET /api/events/participatedEvents/null 200 229 - 0.873 ms
GET /api/events/participatedEvents/null 304 - - 1.144 ms
GET /api/events/createdEvents/null 400 101 - 0.754 ms
GET /api/events/createdEvents/null 400 101 - 0.790 ms
GET /api/events/createdEvents/hobbies/null 400 94 - 1.707 ms
GET /api/events/createdEvents/hobbies/null 400 94 - 1.187 ms
GET /api/events/null 304 - - 1.079 ms
GET /api/events/participatedEvents/ids/null 400 229 - 0.838 ms
GET /api/events/null 304 - - 0.928 ms
GET /api/events/participatedEvents/ids/null 400 229 - 0.607 ms
POST /api/auth/login 200 196 - 113.747 ms
GET /api/events/participatedEvents/ids/643e5f21f136e1f7bc4e36ac 304 - - 36.516 ms
GET /api/events/participatedEvents/ids/643e5f21f136e1f7bc4e36ac 304 - - 36.194 ms
GET /api/events/643e5f21f136e1f7bc4e36ac 304 - - 92.269 ms
GET /api/events/643e5f21f136e1f7bc4e36ac 304 - - 96.108 ms
GET /api/events/null 304 - - 1.047 ms
GET /api/events/participatedEvents/ids/null 400 229 - 0.833 ms
GET /api/events/null 304 - - 1.096 ms
GET /api/events/participatedEvents/ids/null 400 229 - 2.652 ms
POST /api/auth/login 200 196 - 128.842 ms
GET /api/events/participatedEvents/ids/643e5f21f136e1f7bc4e36ac 304 - - 36.221 ms
GET /api/events/participatedEvents/ids/643e5f21f136e1f7bc4e36ac 304 - - 35.937 ms
GET /api/events/643e5f21f136e1f7bc4e36ac 304 - - 92.031 ms
GET /api/events/643e5f21f136e1f7bc4e36ac 304 - - 344.922 ms
GET /api/events/createdEvents/643e5f21f136e1f7bc4e36ac 304 - - 25.988 ms
GET /api/events/createdEvents/643e5f21f136e1f7bc4e36ac 304 - - 23.224 ms
GET /api/events/createdEvents/hobbies/643e5f21f136e1f7bc4e36ac 304 - - 84.113 ms
GET /api/events/createdEvents/hobbies/643e5f21f136e1f7bc4e36ac 304 - - 68.312 ms
GET /api/hobbies 304 - - 28.176 ms
GET /api/hobbies 304 - - 25.390 ms
GET /api/hobbies/interestedHobbies/643e5f21f136e1f7bc4e36ac 304 - - 77.392 ms
GET /api/hobbies/interestedHobbies/643e5f21f136e1f7bc4e36ac 304 - - 77.027 ms
GET /api/events/participatedEvents/643e5f21f136e1f7bc4e36ac 304 - - 77.727 ms
GET /api/events/participatedEvents/643e5f21f136e1f7bc4e36ac 304 - - 90.374 ms
GET /api/events/participatedEvents/null 304 - - 0.779 ms
GET /api/events/participatedEvents/null 304 - - 1.091 ms
POST /api/auth/login 200 196 - 144.497 ms
GET /api/events/participatedEvents/ids/643e5f21f136e1f7bc4e36ac 304 - - 23.996 ms
GET /api/events/participatedEvents/ids/643e5f21f136e1f7bc4e36ac 304 - - 26.321 ms
GET /api/events/643e5f21f136e1f7bc4e36ac 304 - - 157.141 ms
GET /api/events/643e5f21f136e1f7bc4e36ac 304 - - 150.829 ms
GET /api/events/participatedEvents/ids/643e5f21f136e1f7bc4e36ac 304 - - 25.104 ms
GET /api/events/participatedEvents/ids/643e5f21f136e1f7bc4e36ac 304 - - 27.277 ms
GET /api/events/643e5f21f136e1f7bc4e36ac 304 - - 150.085 ms
GET /api/events/643e5f21f136e1f7bc4e36ac 304 - - 146.532 ms
GET /api/events/participatedEvents/ids/643e5f21f136e1f7bc4e36ac 304 - - 23.814 ms
GET /api/events/participatedEvents/ids/643e5f21f136e1f7bc4e36ac 304 - - 24.668 ms
GET /api/events/643e5f21f136e1f7bc4e36ac 304 - - 145.841 ms
GET /api/events/643e5f21f136e1f7bc4e36ac 304 - - 157.274 ms
